#
# A fatal error has been detected by the Java Runtime Environment:
#
#  SIGBUS (0xa) at pc=0x00007fff52f8cf49, pid=16194, tid=9731
#
# JRE version: Java(TM) SE Runtime Environment (9.0+11) (build 9.0.1+11)
# Java VM: Java HotSpot(TM) 64-Bit Server VM (9.0.1+11, mixed mode, tiered, compressed oops, g1 gc, bsd-amd64)
# Problematic frame:
# C  [libsystem_platform.dylib+0x4f49]  _platform_memmove$VARIANT$Haswell+0x29
#
# No core dump will be written. Core dumps have been disabled. To enable core dumping, try "ulimit -c unlimited" before starting Java again
#
# If you would like to submit a bug report, please visit:
#   http://bugreport.java.com/bugreport/crash.jsp
#

---------------  S U M M A R Y ------------

Command Line: -Djava.library.path=/usr/local/lib HelloMpi

Host: MacBookPro11,1 x86_64 2800 MHz, 4 cores, 8G, Darwin 17.4.0
Time: Sun Mar 18 14:51:39 2018 EDT elapsed time: 1 seconds (0d 0h 0m 1s)

---------------  T H R E A D  ---------------

Current thread (0x00007fb578001800):  JavaThread "main" [_thread_in_vm, id=9731, stack(0x000070000dfe4000,0x000070000e0e4000)]

Stack: [0x000070000dfe4000,0x000070000e0e4000],  sp=0x000070000e0e3610,  free space=1021k
Native frames: (J=compiled Java code, A=aot compiled Java code, j=interpreted, Vv=VM code, C=native code)
C  [libsystem_platform.dylib+0x4f49]  _platform_memmove$VARIANT$Haswell+0x29
V  [libjvm.dylib+0x3e40be]  jni_GetCharArrayRegion+0x13a
C  [libmpi_java.20.dylib+0xc27f]  ompi_java_getReadPtr+0xcf
C  [libmpi_java.20.dylib+0x1500]  Java_mpi_Comm_send+0x40
j  mpi.Comm.send(JLjava/lang/Object;ZIIJIII)V+0
j  mpi.Comm.send(Ljava/lang/Object;ILmpi/Datatype;II)V+67
j  HelloMpi.run()V+42
j  HelloMpi.main([Ljava/lang/String;)V+12
v  ~StubRoutines::call_stub
V  [libjvm.dylib+0x3a270d]  JavaCalls::call_helper(JavaValue*, methodHandle const&, JavaCallArguments*, Thread*)+0x2b5
V  [libjvm.dylib+0x3dbb79]  jni_invoke_static(JNIEnv_*, JavaValue*, _jobject*, JNICallType, _jmethodID*, JNI_ArgumentPusher*, Thread*)+0x12d
V  [libjvm.dylib+0x3de527]  jni_CallStaticVoidMethod+0x18d
C  [java+0x4dfa]  JavaMain+0xb8d
C  [libsystem_pthread.dylib+0x36c1]  _pthread_body+0x154
C  [libsystem_pthread.dylib+0x356d]  _pthread_body+0x0
C  [libsystem_pthread.dylib+0x2c5d]  thread_start+0xd
C  0x0000000000000000

Java frames: (J=compiled Java code, j=interpreted, Vv=VM code)
j  mpi.Comm.send(JLjava/lang/Object;ZIIJIII)V+0
j  mpi.Comm.send(Ljava/lang/Object;ILmpi/Datatype;II)V+67
j  HelloMpi.run()V+42
j  HelloMpi.main([Ljava/lang/String;)V+12
v  ~StubRoutines::call_stub

siginfo: si_signo: 10 (SIGBUS), si_code: 2 (BUS_ADRERR), si_addr: 0x0000000748000000

Register to memory mapping:

RAX=0x00007fb578894800 is an unknown value
RBX=0x00007fb578001800 is a thread
RCX=0x0000000000efeb28 is an unknown value
RDX=0x0000000001000000 is an unknown value
RSP=0x000070000e0e3610 is pointing into the stack for thread: 0x00007fb578001800
RBP=0x000070000e0e3610 is pointing into the stack for thread: 0x00007fb578001800
RSI=
[error occurred during error reporting (printing register info), id 0xa]

Registers:
RAX=0x00007fb578894800, RBX=0x00007fb578001800, RCX=0x0000000000efeb28, RDX=0x0000000001000000
RSP=0x000070000e0e3610, RBP=0x000070000e0e3610, RSI=0x0000000748000000, RDI=0x00007fb578995cd8
R8 =0x00007fb578894800, R9 =0x00007fb578894800, R10=0x00007fff8bd30d98, R11=0x00007fae30995cd8
R12=0x0000000000000001, R13=0x00007fb578894800, R14=0x000070000e0e3868, R15=0x0000000001000000
RIP=0x00007fff52f8cf49, EFLAGS=0x0000000000010206, ERR=0x0000000000000004
  TRAPNO=0x000000000000000e

Top of Stack: (sp=0x000070000e0e3610)
0x000070000e0e3610:   000070000e0e3690 00000001060280be
0x000070000e0e3620:   00007fb578001a18 0000000000000000
0x000070000e0e3630:   00007fb578894800 00007fb578001800
0x000070000e0e3640:   0000000000000000 000000012a46992c
0x000070000e0e3650:   00007fb578001a18 00007fb578001800
0x000070000e0e3660:   00007fb578001800 00007fb578001a18
0x000070000e0e3670:   0000000000000002 00007fb578894800
0x000070000e0e3680:   000070000e0e3720 000070000e0e3868
0x000070000e0e3690:   000070000e0e36e0 000000012a46827f
0x000070000e0e36a0:   0000000000000000 0000000000000002
0x000070000e0e36b0:   000000000e0e3868 00007fb578001a18
0x000070000e0e36c0:   000070000e0e3868 0000000000000001
0x000070000e0e36d0:   0000000000000000 000000012a53d930
0x000070000e0e36e0:   000070000e0e3750 000000012a45d500
0x000070000e0e36f0:   0000000000000001 000000012a532920
0x000070000e0e3700:   0000000000000002 00007fb578001800
0x000070000e0e3710:   0000000128543220 00007fb577d4a580
0x000070000e0e3720:   00007fb578001800 0000000128543220
0x000070000e0e3730:   0000000000000000 0000000128543218
0x000070000e0e3740:   000070000e0e3880 00007fb578001800
0x000070000e0e3750:   000070000e0e3808 000000011196edb5
0x000070000e0e3760:   00007fb500000001 000000012a532920
0x000070000e0e3770:   0000700000000002 0000000100000000
0x000070000e0e3780:   00007fb500000000 00007fb578001800
0x000070000e0e3790:   0000000128543220 000070000e0e3880
0x000070000e0e37a0:   000070000e0e3808 000000011196eb0a
0x000070000e0e37b0:   0000000000000000 000000011196ead3
0x000070000e0e37c0:   000070000e0e37c0 0000000128543218
0x000070000e0e37d0:   000070000e0e3880 0000000128580028
0x000070000e0e37e0:   0000000000000000 0000000747e92798
0x000070000e0e37f0:   0000000128543220 0000000000000000
0x000070000e0e3800:   000070000e0e3828 000070000e0e38d0 

Instructions: (pc=0x00007fff52f8cf49)
0x00007fff52f8cf29:   f3 48 89 f8 49 39 d3 72 1b 48 83 fa 60 76 2f 48
0x00007fff52f8cf39:   81 fa 00 40 00 00 0f 82 cb 00 00 00 48 89 d1 fc
0x00007fff52f8cf49:   f3 a4 5d c3 48 39 fe 74 f9 48 01 d6 48 01 d7 48
0x00007fff52f8cf59:   83 fa 60 0f 82 8c 01 00 00 e9 a9 01 00 00 48 83 


---------------  P R O C E S S  ---------------

Java Threads: ( => current thread )
  0x00007fb5798d9800 JavaThread "SIGTERM handler" daemon [_thread_blocked, id=41475, stack(0x000070000f8b2000,0x000070000f9b2000)]
  0x00007fb578832800 JavaThread "Service Thread" daemon [_thread_blocked, id=23299, stack(0x000070000f5a6000,0x000070000f6a6000)]
  0x00007fb57807f000 JavaThread "Common-Cleaner" daemon [_thread_blocked, id=22787, stack(0x000070000f4a3000,0x000070000f5a3000)]
  0x00007fb57807e800 JavaThread "Sweeper thread" daemon [_thread_blocked, id=42243, stack(0x000070000f3a0000,0x000070000f4a0000)]
  0x00007fb579030000 JavaThread "C1 CompilerThread2" daemon [_thread_blocked, id=22531, stack(0x000070000f29d000,0x000070000f39d000)]
  0x00007fb57902f000 JavaThread "C2 CompilerThread1" daemon [_thread_blocked, id=43011, stack(0x000070000f19a000,0x000070000f29a000)]
  0x00007fb57902e000 JavaThread "C2 CompilerThread0" daemon [_thread_blocked, id=43267, stack(0x000070000f097000,0x000070000f197000)]
  0x00007fb579840000 JavaThread "Signal Dispatcher" daemon [_thread_blocked, id=21763, stack(0x000070000ef94000,0x000070000f094000)]
  0x00007fb579025800 JavaThread "Finalizer" daemon [_thread_blocked, id=15875, stack(0x000070000ee0e000,0x000070000ef0e000)]
  0x00007fb579025000 JavaThread "Reference Handler" daemon [_thread_blocked, id=19715, stack(0x000070000ed0b000,0x000070000ee0b000)]
=>0x00007fb578001800 JavaThread "main" [_thread_in_vm, id=9731, stack(0x000070000dfe4000,0x000070000e0e4000)]

Other Threads:
  0x00007fb579014800 VMThread "VM Thread" [stack: 0x000070000ec08000,0x000070000ed08000] [id=15107]
  0x00007fb578000800 WatcherThread [stack: 0x000070000f6a9000,0x000070000f7a9000] [id=23811]
  0x00007fb578800800 GCTaskThread "GC Thread#0" [stack: 0x000070000e0e7000,0x000070000e1e7000] [id=10755]
  0x00007fb579808800 GCTaskThread "GC Thread#1" [stack: 0x000070000e1ea000,0x000070000e2ea000] [id=11267]
  0x00007fb579809000 GCTaskThread "GC Thread#2" [stack: 0x000070000e2ed000,0x000070000e3ed000] [id=11779]
  0x00007fb57980a000 GCTaskThread "GC Thread#3" [stack: 0x000070000e3f0000,0x000070000e4f0000] [id=12035]
  0x00007fb57901c000 ConcurrentGCThread "G1 Main Marker" [stack: 0x000070000ea02000,0x000070000eb02000] [id=20483]
  0x00007fb57800b000 ConcurrentGCThread "G1 Marker#0" [stack: 0x000070000eb05000,0x000070000ec05000] [id=14595]
  0x00007fb579002000 ConcurrentGCThread "G1 Refine#0" [stack: 0x000070000e7fc000,0x000070000e8fc000] [id=13315]
  0x00007fb579001800 ConcurrentGCThread "G1 Refine#1" [stack: 0x000070000e6f9000,0x000070000e7f9000] [id=20739]
  0x00007fb57880b000 ConcurrentGCThread "G1 Refine#2" [stack: 0x000070000e5f6000,0x000070000e6f6000] [id=12547]
  0x00007fb579000800 ConcurrentGCThread "G1 Refine#3" [stack: 0x000070000e4f3000,0x000070000e5f3000] [id=12291]
  0x00007fb57800a800 ConcurrentGCThread "G1 Young RemSet Sampling" [stack: 0x000070000e8ff000,0x000070000e9ff000] [id=13827]

Threads with active compile tasks:

VM state:not at safepoint (normal execution)

VM Mutex/Monitor currently owned by a thread: None

Heap address: 0x0000000740000000, size: 2048 MB, Compressed Oops mode: Zero based, Oop shift amount: 3
Narrow klass base: 0x0000000000000000, Narrow klass shift: 3
Compressed class space size: 1073741824 Address: 0x00000007c0000000

Heap:
 garbage-first heap   total 131072K, used 2048K [0x0000000740000000, 0x0000000740100400, 0x00000007c0000000)
  region size 1024K, 3 young (3072K), 0 survivors (0K)
 Metaspace       used 4900K, capacity 5028K, committed 5120K, reserved 1056768K
  class space    used 429K, capacity 464K, committed 512K, reserved 1048576K
Heap Regions: E=young(eden), S=young(survivor), O=old, HS=humongous(starts), HC=humongous(continues), CS=collection set, F=free, A=archive, TS=gc time stamp, AC=allocation context, TAMS=top-at-mark-start (previous, next)
|   0|0x0000000740000000, 0x0000000740000000, 0x0000000740100000|  0%| F