#
# A fatal error has been detected by the Java Runtime Environment:
#
#  SIGBUS (0xa) at pc=0x00007fff52f8cf49, pid=16197, tid=5891
#
# JRE version: Java(TM) SE Runtime Environment (9.0+11) (build 9.0.1+11)
# Java VM: Java HotSpot(TM) 64-Bit Server VM (9.0.1+11, mixed mode, tiered, compressed oops, g1 gc, bsd-amd64)
# Problematic frame:
# C  [libsystem_platform.dylib+0x4f49]  _platform_memmove$VARIANT$Haswell+0x29
#
# No core dump will be written. Core dumps have been disabled. To enable core dumping, try "ulimit -c unlimited" before starting Java again
#
# If you would like to submit a bug report, please visit:
#   http://bugreport.java.com/bugreport/crash.jsp
#

---------------  S U M M A R Y ------------

Command Line: -Djava.library.path=/usr/local/lib HelloMpi

Host: MacBookPro11,1 x86_64 2800 MHz, 4 cores, 8G, Darwin 17.4.0
Time: Sun Mar 18 14:51:39 2018 EDT elapsed time: 1 seconds (0d 0h 0m 1s)

---------------  T H R E A D  ---------------

Current thread (0x00007fd72b007000):  JavaThread "main" [_thread_in_vm, id=5891, stack(0x0000700000a5b000,0x0000700000b5b000)]

Stack: [0x0000700000a5b000,0x0000700000b5b000],  sp=0x0000700000b5a610,  free space=1021k
Native frames: (J=compiled Java code, A=aot compiled Java code, j=interpreted, Vv=VM code, C=native code)
C  [libsystem_platform.dylib+0x4f49]  _platform_memmove$VARIANT$Haswell+0x29
V  [libjvm.dylib+0x3e40be]  jni_GetCharArrayRegion+0x13a
C  [libmpi_java.20.dylib+0xc27f]  ompi_java_getReadPtr+0xcf
C  [libmpi_java.20.dylib+0x1500]  Java_mpi_Comm_send+0x40
j  mpi.Comm.send(JLjava/lang/Object;ZIIJIII)V+0
j  mpi.Comm.send(Ljava/lang/Object;ILmpi/Datatype;II)V+67
j  HelloMpi.run()V+42
j  HelloMpi.main([Ljava/lang/String;)V+12
v  ~StubRoutines::call_stub
V  [libjvm.dylib+0x3a270d]  JavaCalls::call_helper(JavaValue*, methodHandle const&, JavaCallArguments*, Thread*)+0x2b5
V  [libjvm.dylib+0x3dbb79]  jni_invoke_static(JNIEnv_*, JavaValue*, _jobject*, JNICallType, _jmethodID*, JNI_ArgumentPusher*, Thread*)+0x12d
V  [libjvm.dylib+0x3de527]  jni_CallStaticVoidMethod+0x18d
C  [java+0x4dfa]  JavaMain+0xb8d
C  [libsystem_pthread.dylib+0x36c1]  _pthread_body+0x154
C  [libsystem_pthread.dylib+0x356d]  _pthread_body+0x0
C  [libsystem_pthread.dylib+0x2c5d]  thread_start+0xd
C  0x0000000000000000

Java frames: (J=compiled Java code, j=interpreted, Vv=VM code)
j  mpi.Comm.send(JLjava/lang/Object;ZIIJIII)V+0
j  mpi.Comm.send(Ljava/lang/Object;ILmpi/Datatype;II)V+67
j  HelloMpi.run()V+42
j  HelloMpi.main([Ljava/lang/String;)V+12
v  ~StubRoutines::call_stub

siginfo: si_signo: 10 (SIGBUS), si_code: 2 (BUS_ADRERR), si_addr: 0x0000000748000000

Register to memory mapping:

RAX=0x00007fd72a8a5800 is an unknown value
RBX=0x00007fd72b007000 is a thread
RCX=0x0000000000efed58 is an unknown value
RDX=0x0000000001000000 is an unknown value
RSP=0x0000700000b5a610 is pointing into the stack for thread: 0x00007fd72b007000
RBP=0x0000700000b5a610 is pointing into the stack for thread: 0x00007fd72b007000
RSI=
[error occurred during error reporting (printing register info), id 0xa]

Registers:
RAX=0x00007fd72a8a5800, RBX=0x00007fd72b007000, RCX=0x0000000000efed58, RDX=0x0000000001000000
RSP=0x0000700000b5a610, RBP=0x0000700000b5a610, RSI=0x0000000748000000, RDI=0x00007fd72a9a6aa8
R8 =0x00007fd72a8a5800, R9 =0x00007fd72a8a5800, R10=0x00007fff8bd30d98, R11=0x00007fcfe29a6aa8
R12=0x0000000000000001, R13=0x00007fd72a8a5800, R14=0x0000700000b5a868, R15=0x0000000001000000
RIP=0x00007fff52f8cf49, EFLAGS=0x0000000000010206, ERR=0x0000000000000004
  TRAPNO=0x000000000000000e

Top of Stack: (sp=0x0000700000b5a610)
0x0000700000b5a610:   0000700000b5a690 00000001103880be
0x0000700000b5a620:   00007fd72b007218 0000000000000000
0x0000700000b5a630:   00007fd72a8a5800 00007fd72b007000
0x0000700000b5a640:   0000000000000000 0000000134b0592c
0x0000700000b5a650:   00007fd72b007218 00007fd72b007000
0x0000700000b5a660:   00007fd72b007000 00007fd72b007218
0x0000700000b5a670:   0000000000000002 00007fd72a8a5800
0x0000700000b5a680:   0000700000b5a720 0000700000b5a868
0x0000700000b5a690:   0000700000b5a6e0 0000000134b0427f
0x0000700000b5a6a0:   0000000000000000 0000000000000002
0x0000700000b5a6b0:   0000000000b5a868 00007fd72b007218
0x0000700000b5a6c0:   0000700000b5a868 0000000000000001
0x0000700000b5a6d0:   0000000000000000 0000000134bd9930
0x0000700000b5a6e0:   0000700000b5a750 0000000134af9500
0x0000700000b5a6f0:   0000000000000001 0000000134bce920
0x0000700000b5a700:   0000000000000002 00007fd72b007000
0x0000700000b5a710:   0000000132c40220 00007fd729e43980
0x0000700000b5a720:   00007fd72b007000 0000000132c40220
0x0000700000b5a730:   0000000000000000 0000000132c40218
0x0000700000b5a740:   0000700000b5a880 00007fd72b007000
0x0000700000b5a750:   0000700000b5a808 000000011f530db5
0x0000700000b5a760:   00007fd700000001 0000000134bce920
0x0000700000b5a770:   0000700000000002 0000000100000000
0x0000700000b5a780:   00007fd700000000 00007fd72b007000
0x0000700000b5a790:   0000000132c40220 0000700000b5a880
0x0000700000b5a7a0:   0000700000b5a808 000000011f530b0a
0x0000700000b5a7b0:   0000000000000000 000000011f530ad3
0x0000700000b5a7c0:   0000700000b5a7c0 0000000132c40218
0x0000700000b5a7d0:   0000700000b5a880 0000000132c7d028
0x0000700000b5a7e0:   0000000000000000 0000000747e92810
0x0000700000b5a7f0:   0000000132c40220 0000000000000000
0x0000700000b5a800:   0000700000b5a828 0000700000b5a8d0 

Instructions: (pc=0x00007fff52f8cf49)
0x00007fff52f8cf29:   f3 48 89 f8 49 39 d3 72 1b 48 83 fa 60 76 2f 48
0x00007fff52f8cf39:   81 fa 00 40 00 00 0f 82 cb 00 00 00 48 89 d1 fc
0x00007fff52f8cf49:   f3 a4 5d c3 48 39 fe 74 f9 48 01 d6 48 01 d7 48
0x00007fff52f8cf59:   83 fa 60 0f 82 8c 01 00 00 e9 a9 01 00 00 48 83 


---------------  P R O C E S S  ---------------

Java Threads: ( => current thread )
  0x00007fd72a0b1800 JavaThread "Service Thread" daemon [_thread_blocked, id=22531, stack(0x0000700001f9a000,0x000070000209a000)]
  0x00007fd72a06e000 JavaThread "Common-Cleaner" daemon [_thread_blocked, id=41987, stack(0x0000700001e97000,0x0000700001f97000)]
  0x00007fd72b80b800 JavaThread "Sweeper thread" daemon [_thread_blocked, id=22019, stack(0x0000700001d94000,0x0000700001e94000)]
  0x00007fd72b802800 JavaThread "C1 CompilerThread2" daemon [_thread_blocked, id=42499, stack(0x0000700001c91000,0x0000700001d91000)]
  0x00007fd72a81c000 JavaThread "C2 CompilerThread1" daemon [_thread_blocked, id=43011, stack(0x0000700001b8e000,0x0000700001c8e000)]
  0x00007fd72a06b000 JavaThread "C2 CompilerThread0" daemon [_thread_blocked, id=21763, stack(0x0000700001a8b000,0x0000700001b8b000)]
  0x00007fd72a81b800 JavaThread "Signal Dispatcher" daemon [_thread_blocked, id=15367, stack(0x0000700001988000,0x0000700001a88000)]
  0x00007fd72a011000 JavaThread "Finalizer" daemon [_thread_blocked, id=14339, stack(0x0000700001885000,0x0000700001985000)]
  0x00007fd72a010000 JavaThread "Reference Handler" daemon [_thread_blocked, id=18435, stack(0x0000700001782000,0x0000700001882000)]
=>0x00007fd72b007000 JavaThread "main" [_thread_in_vm, id=5891, stack(0x0000700000a5b000,0x0000700000b5b000)]

Other Threads:
  0x00007fd72a00f800 VMThread "VM Thread" [stack: 0x000070000167f000,0x000070000177f000] [id=18947]
  0x00007fd72a818000 WatcherThread [stack: 0x000070000209d000,0x000070000219d000] [id=41219]
  0x00007fd72b00c800 GCTaskThread "GC Thread#0" [stack: 0x0000700000b5e000,0x0000700000c5e000] [id=10755]
  0x00007fd72b00d000 GCTaskThread "GC Thread#1" [stack: 0x0000700000c61000,0x0000700000d61000] [id=11011]
  0x00007fd72a001800 GCTaskThread "GC Thread#2" [stack: 0x0000700000d64000,0x0000700000e64000] [id=21251]
  0x00007fd72a019800 GCTaskThread "GC Thread#3" [stack: 0x0000700000e67000,0x0000700000f67000] [id=11779]
  0x00007fd72a040000 ConcurrentGCThread "G1 Main Marker" [stack: 0x0000700001479000,0x0000700001579000] [id=19971]
  0x00007fd72b010000 ConcurrentGCThread "G1 Marker#0" [stack: 0x000070000157c000,0x000070000167c000] [id=14083]
  0x00007fd72a01b000 ConcurrentGCThread "G1 Refine#0" [stack: 0x0000700001273000,0x0000700001373000] [id=13059]
  0x00007fd72a01a800 ConcurrentGCThread "G1 Refine#1" [stack: 0x0000700001170000,0x0000700001270000] [id=20483]
  0x00007fd72b00e800 ConcurrentGCThread "G1 Refine#2" [stack: 0x000070000106d000,0x000070000116d000] [id=20995]
  0x00007fd72b00e000 ConcurrentGCThread "G1 Refine#3" [stack: 0x0000700000f6a000,0x000070000106a000] [id=12291]
  0x00007fd72b00f800 ConcurrentGCThread "G1 Young RemSet Sampling" [stack: 0x0000700001376000,0x0000700001476000] [id=20227]

Threads with active compile tasks:

VM state:not at safepoint (normal execution)

VM Mutex/Monitor currently owned by a thread: None

Heap address: 0x0000000740000000, size: 2048 MB, Compressed Oops mode: Zero based, Oop shift amount: 3
Narrow klass base: 0x0000000000000000, Narrow klass shift: 3
Compressed class space size: 1073741824 Address: 0x00000007c0000000

Heap:
 garbage-first heap   total 131072K, used 1024K [0x0000000740000000, 0x0000000740100400, 0x00000007c0000000)
  region size 1024K, 2 young (2048K), 0 survivors (0K)
 Metaspace       used 4885K, capacity 5028K, committed 5120K, reserved 1056768K
  class space    used 427K, capacity 464K, committed 512K, reserved 1048576K
Heap Regions: E=young(eden), S=young(survivor), O=old, HS=humongous(starts), HC=humongous(continues), CS=collection set, F=free, A=archive, TS=gc time stamp, AC=allocation context, TAMS=top-at-mark-start (previous, next)
|   0|0x0000000740000000, 0x0000000740000000, 0x0000000740100000|  0%| F|  |TS  0|AC  0|TAMS 0x0000000740000000, 0x0000000740000000|
|   1|0x0000000740100000, 0x0000000740100000, 0x0000000740200000|  0%| F|  |TS  0|AC  0|TAMS 0x0000000740100000, 0x0000000740100000|
|   2|0x0000000740200000, 0x0000000740200000, 0x0000000740300000|  0%| F|  |TS  0|AC  0|TAMS 0x0000000740200000, 0x0000000740200000|
|   3|0x0000000740300000, 0x0000000740300000, 0x0000000740400000|  0%| F|  |TS  0|AC  0|TAMS 0x0000000740300000, 0x0000000740300000|
|   4|0x0000000740400000, 0x0000000740400000, 0x0000000740500000|  0%| F|  |TS  0|AC  0|TAMS 0x0000000740400000, 0x0000000740400000|
|   5|0x0000000740500000, 0x0000000740500000, 0x0000000740600000|  0%| F|  |TS  0|AC  0|TAMS 0x0000000740500000, 0x0000000740500000|
|   6|0x0000000740600000, 0x0000000740600000, 0x0000000740700000|  0%| F|  |TS  0|AC  0|TAMS 0x0000000740600000, 0x0000000740600000|
|   7|0x0000000740700000, 0x0000000740700000, 0x0000000740800000|  0%| F|  |TS  0|AC  0|TAMS 0x0000000740700000, 0x0000000740700000|
|   8|0x0000000740800000, 0x0000000740800000, 0x0000000740900000|  0%| F|  |TS  0|AC  0|TAMS 0x0000000740800000, 0x0000000740800000|
|   9|0x0000000740900000, 0x0000000740900000, 0x0000000740a00000|  0%| F|  |TS  0|AC  0|TAMS 0x0000000740900000, 0x0000000740900000|
|  10|0x0000000740a00000, 0x0000000740a00000, 0x0000000740b00000|  0%| F|  |TS  0|AC  0|TAMS 0x0000000740a00000, 0x0000000740a00000|
|  11|0x0000000740b00000, 0x0000000740b00000, 0x0000000740c00000|  0%| F|  |TS  0|AC  0|TAMS 0x0000000740b00000, 0x0000000740b00000|
|  12|0x0000000740c00000, 0x0000000740c00000, 0x0000000740d00000|  0%| F|  |TS  0|AC  0|TAMS 0x0000000740c00000, 0x0000000740c00000|
|  13|0x0000000740d00000, 0x0000000740d00000, 0x0000000740e00000|  0%| F|  |TS  0|AC  0|TAMS 0x0000000740d00000, 0x0000000740d00000|
|  14|0x0000000740e00000, 0x0000000740e00000, 0x0000000740f00000|  0%| F|  |TS  0|AC  0|TAMS 0x0000000740e00000, 0x0000000740e00000|
|  15|0x0000000740f00000, 0x0000000740f00000, 0x0000000741000000|  0%| F|  |TS  0|AC  0|TAMS 0x0000000740f00000, 0x0000000740f00000|
|  16|0x0000000741000000, 0x0000000741000000, 0x0000000741100000|  0%| F|  |TS  0|AC  0|TAMS 0x0000000741000000, 0x0000000741000000|
|  17|0x0000000741100000, 0x0000000741100000, 0x0000000741200000|  0%| F|  |TS  0|AC  0|TAMS 0x0000000741100000, 0x0000000741100000|
|  18|0x0000000741200000, 0x0000000741200000, 0x0000000741300000|  0%| F|  |TS  0|AC  0|TAMS 0x0000000741200000, 0x0000000741200000|
|  19|0x0000000741300000, 0x0000000741300000, 0x0000000741400000|  0%| F|  |TS  0|AC  0|TAMS 0x0000000741300000, 0x0000000741300000|
|  20|0x0000000741400000, 0x0000000741400000, 0x0000000741500000|  0%| F|  |TS  0|AC  0|TAMS 0x0000000741400000, 0x0000000741400000|
|  21|0x0000000741500000, 0x0000000741500000, 0x0000000741600000|  0%| F|  |TS  0|AC  0|TAMS 0x0000000741500000, 0x0000000741500000|
|  22|0x0000000741600000, 0x0000000741600000, 0x0000000741700000|  0%| F|  |TS  0|AC  0|TAMS 0x0000000741600000, 0x0000000741600000|
|  23|0x0000000741700000, 0x0000000741700000, 0x0000000741800000|  0%| F|  |TS  0|AC  0|TAMS 0x0000000741700000, 0x0000000741700000|
|  24|0x0000000741800000, 0x0000000741800000, 0x0000000741900000|  0%| F|  |TS  0|AC  0|TAMS 0x0000000741800000, 0x0000000741800000|
|  25|0x0000000741900000, 0x0000000741900000, 0x0000000741a00000|  0%| F|  |TS  0|AC  0|TAMS 0x0000000741900000, 0x0000000741900000|
|  26|0x0000000741a00000, 0x0000000741a00000, 0x0000000741b00000|  0%| F|  |TS  0|AC  0|TAMS 0x0000000741a00000, 0x0000000741a00000|
|  27|0x0000000741b00000, 0x0000000741b00000, 0x0000000741c00000|  0%| F|  |TS  0|AC  0|TAMS 0x0000000741b00000, 0x0000000741b00000|
|  28|0x0000000741c00000, 0x0000000741c00000, 0x0000000741d00000|  0%| F|  |TS  0|AC  0|TAMS 0x0000000741c00000, 0x0000000741c00000|
|  29|0x0000000741d00000, 0x0000000741d00000, 0x0000000741e00000|  0%| F|  |TS  0|AC  0|TAMS 0x0000000741d00000, 0x0000000741d00000|
|  30|0x0000000741e00000, 0x0000000741e00000, 0x0000000741f00000|  0%| F|  |TS  0|AC  0|TAMS 0x0000000741e00000, 0x0000000741e00000|
|  31|0x0000000741f00000, 0x0000000741f00000, 0x0000000742000000|  0%| F|  |TS  0|AC  0|TAMS 0x0000000741f00000, 0x0000000741f00000|
|  32|0x0000000742000000, 0x0000000742000000, 0x0000000742100000|  0%| F|  |TS  0|AC  0|TAMS 0x0000000742000000, 0x0000000742000000|
|  33|0x0000000742100000, 0x0000000742100000, 0x0000000742200000|  0%| F|  |TS  0|AC  0|TAMS 0x0000000742100000, 0x0000000742100000|
|  34|0x0000000742200000, 0x0000000742200000, 0x0000000742300000|  0%| F|  |TS  0|AC  0|TAMS 0x0000000742200000, 0x0000000742200000|
|  35|0x0000000742300000, 0x0000000742300000, 0x0000000742400000|  0%| F|  |TS  0|AC  0|TAMS 0x0000000742300000, 0x0000000742300000|
|  36|0x0000000742400000, 0x0000000742400000, 0x0000000742500000|  0%| F|  |TS  0|AC  0|TAMS 0x0000000742400000, 0x0000000742400000|
|  37|0x0000000742500000, 0x0000000742500000, 0x0000000742600000|  0%| F|  |TS  0|AC  0|TAMS 0x0000000742500000, 0x0000000742500000|
|  38|0x0000000742600000, 0x0000000742600000, 0x0000000742700000|  0%| F|  |TS  0|AC  0|TAMS 0x0000000742600000, 0x0000000742600000|
|  39|0x0000000742700000, 0x0000000742700000, 0x0000000742800000|  0%| F|  |TS  0|AC  0|TAMS 0x0000000742700000, 0x0000000742700000|
|  40|0x0000000742800000, 0x0000000742800000, 0x0000000742900000|  0%| F|  |TS  0|AC  0|TAMS 0x0000000742800000, 0x0000000742800000|
|  41|0x0000000742900000, 0x0000000742900000, 0x0000000742a00000|  0%| F|  |TS  0|AC  0|TAMS 0x0000000742900000, 0x0000000742900000|
|  42|0x0000000742a00000, 0x0000000742a00000, 0x0000000742b00000|  0%| F|  |TS  0|AC  0|TAMS 0x0000000742a00000, 0x0000000742a00000|
|  43|0x0000000742b00000, 0x0000000742b00000, 0x0000000742c00000|  0%| F|  |TS  0|AC  0|TAMS 0x0000000742b00000, 0x0000000742b00000|
|  44|0x0000000742c00000, 0x0000000742c00000, 0x0000000742d00000|  0%| F|  |TS  0|AC  0|TAMS 0x0000000742c00000, 0x0000000742c00000|
|  45|0x0000000742d00000, 0x0000000742d00000, 0x0000000742e00000|  0%| F|  |TS  0|AC  0|TAMS 0x0000000742d00000, 0x0000000742d00000|
|  46|0x0000000742e00000, 0x0000000742e00000, 0x0000000742f00000|  0%| F|  |TS  0|AC  0|TAMS 0x0000000742e00000, 0x0000000742e00000|
|  47|0x0000000742f00000, 0x0000000742f00000, 0x0000000743000000|  0%| F|  |TS  0|AC  0|TAMS 0x0000000742f00000, 0x0000000742f00000|
|  48|0x0000000743000000, 0x0000000743000000, 0x0000000743100000|  0%| F|  |TS  0|AC  0|TAMS 0x0000000743000000, 0x0000000743000000|
|  49|0x0000000743100000, 0x0000000743100000, 0x0000000743200000|  0%| F|  |TS  0|AC  0|TAMS 0x0000000743100000, 0x0000000743100000|
|  50|0x0000000743200000, 0x0000000743200000, 0x0000000743300000|  0%| F|  |TS  0|AC  0|TAMS 0x0000000743200000, 0x0000000743200000|
|  51|0x0000000743300000, 0x0000000743300000, 0x0000000743400000|  0%| F|  |TS  0|AC  0|TAMS 0x0000000743300000, 0x0000000743300000|
|  52|0x0000000743400000, 0x0000000743400000, 0x0000000743500000|  0%| F|  |TS  0|AC  0|TAMS 0x0000000743400000, 0x0000000743400000|
|  53|0x0000000743500000, 0x0000000743500000, 0x0000000743600000|  0%| F|  |TS  0|AC  0|TAMS 0x0000000743500000, 0x0000000743500000|
|  54|0x0000000743600000, 0x0000000743600000, 0x0000000743700000|  0%| F|  |TS  0|AC  0|TAMS 0x0000000743600000, 0x0000000743600000|
|  55|0x0000000743700000, 0x0000000743700000, 0x0000000743800000|  0%| F|  |TS  0|AC  0|TAMS 0x0000000743700000, 0x0000000743700000|
|  56|0x0000000743800000, 0x0000000743800000, 0x0000000743900000|  0%| F|  |TS  0|AC  0|TAMS 0x0000000743800000, 0x0000000743800000|
|  57|0x0000000743900000, 0x0000000743900000, 0x0000000743a00000|  0%| F|  |TS  0|AC  0|TAMS 0x0000000743900000, 0x0000000743900000|
|  58|0x0000000743a00000, 0x0000000743a00000, 0x0000000743b00000|  0%| F|  |TS  0|AC  0|TAMS 0x0000000743a00000, 0x0000000743a00000|
|  59|0x0000000743b00000, 0x0000000743b00000, 0x0000000743c00000|  0%| F|  |TS  0|AC  0|TAMS 0x0000000743b00000, 0x0000000743b00000|
|  60|0x0000000743c00000, 0x0000000743c00000, 0x0000000743d00000|  0%| F|  |TS  0|AC  0|TAMS 0x0000000743c00000, 0x0000000743c00000|
|  61|0x0000000743d00000, 0x0000000743d00000, 0x0000000743e00000|  0%| F|  |TS  0|AC  0|TAMS 0x0000000743d00000, 0x0000000743d00000|
|  62|0x0000000743e00000, 0x0000000743e00000, 0x0000000743f00000|  0%| F|  |TS  0|AC  0|TAMS 0x0000000743e00000, 0x0000000743e00000|
|  63|0x0000000743f00000, 0x0000000743f00000, 0x0000000744000000|  0%| F|  |TS  0|AC  0|TAMS 0x0000000743f00000, 0x0000000743f00000|
|  64|0x0000000744000000, 0x0000000744000000, 0x0000000744100000|  0%| F|  |TS  0|AC  0|TAMS 0x0000000744000000, 0x0000000744000000|
|  65|0x0000000744100000, 0x0000000744100000, 0x0000000744200000|  0%| F|  |TS  0|AC  0|TAMS 0x0000000744100000, 0x0000000744100000|
|  66|0x0000000744200000, 0x0000000744200000, 0x0000000744300000|  0%| F|  |TS  0|AC  0|TAMS 0x0000000744200000, 0x0000000744200000|
|  67|0x0000000744300000, 0x0000000744300000, 0x0000000744400000|  0%| F|  |TS  0|AC  0|TAMS 0x0000000744300000, 0x0000000744300000|
|  68|0x0000000744400000, 0x0000000744400000, 0x0000000744500000|  0%| F|  |TS  0|AC  0|TAMS 0x0000000744400000, 0x0000000744400000|
|  69|0x0000000744500000, 0x0000000744500000, 0x0000000744600000|  0%| F|  |TS  0|AC  0|TAMS 0x0000000744500000, 0x0000000744500000|
|  70|0x0000000744600000, 0x0000000744600000, 0x0000000744700000|  0%| F|  |TS  0|AC  0|TAMS 0x0000000744600000, 0x0000000744600000|
|  71|0x0000000744700000, 0x0000000744700000, 0x0000000744800000|  0%| F|  |TS  0|AC  0|TAMS 0x0000000744700000, 0x0000000744700000|
|  72|0x0000000744800000, 0x0000000744800000, 0x0000000744900000|  0%| F|  |TS  0|AC  0|TAMS 0x0000000744800000, 0x0000000744800000|
|  73|0x0000000744900000, 0x0000000744900000, 0x0000000744a00000|  0%| F|  |TS  0|AC  0|TAMS 0x0000000744900000, 0x0000000744900000|
|  74|0x0000000744a00000, 0x0000000744a00000, 0x0000000744b00000|  0%| F|  |TS  0|AC  0|TAMS 0x0000000744a00000, 0x0000000744a00000|
|  75|0x0000000744b00000, 0x0000000744b00000, 0x0000000744c00000|  0%| F|  |TS  0|AC  0|TAMS 0x0000000744b00000, 0x0000000744b00000|
|  76|0x0000000744c00000, 0x0000000744c00000, 0x0000000744d00000|  0%| F|  |TS  0|AC  0|TAMS 0x0000000744c00000, 0x0000000744c00000|
|  77|0x0000000744d00000, 0x0000000744d00000, 0x0000000744e00000|  0%| F|  |TS  0|AC  0|TAMS 0x0000000744d00000, 0x0000000744d00000|
|  78|0x0000000744e00000, 0x0000000744e00000, 0x0000000744f00000|  0%| F|  |TS  0|AC  0|TAMS 0x0000000744e00000, 0x0000000744e00000|
|  79|0x0000000744f00000, 0x0000000744f00000, 0x0000000745000000|  0%| F|  |TS  0|AC  0|TAMS 0x0000000744f00000, 0x0000000744f00000|
|  80|0x0000000745000000, 0x0000000745000000, 0x0000000745100000|  0%| F|  |TS  0|AC  0|TAMS 0x0000000745000000, 0x0000000745000000|
|  81|0x0000000745100000, 0x0000000745100000, 0x0000000745200000|  0%| F|  |TS  0|AC  0|TAMS 0x0000000745100000, 0x0000000745100000|
|  82|0x0000000745200000, 0x0000000745200000, 0x0000000745300000|  0%| F|  |TS  0|AC  0|TAMS 0x0000000745200000, 0x0000000745200000|
|  83|0x0000000745300000, 0x0000000745300000, 0x0000000745400000|  0%| F|  |TS  0|AC  0|TAMS 0x0000000745300000, 0x0000000745300000|
|  84|0x0000000745400000, 0x0000000745400000, 0x0000000745500000|  0%| F|  |TS  0|AC  0|TAMS 0x0000000745400000, 0x0000000745400000|
|  85|0x0000000745500000, 0x0000000745500000, 0x0000000745600000|  0%| F|  |TS  0|AC  0|TAMS 0x0000000745500000, 0x0000000745500000|
|  86|0x0000000745600000, 0x0000000745600000, 0x0000000745700000|  0%| F|  |TS  0|AC  0|TAMS 0x0000000745600000, 0x0000000745600000|
|  87|0x0000000745700000, 0x0000000745700000, 0x0000000745800000|  0%| F|  |TS  0|AC  0|TAMS 0x0000000745700000, 0x0000000745700000|
|  88|0x0000000745800000, 0x0000000745800000, 0x0000000745900000|  0%| F|  |TS  0|AC  0|TAMS 0x0000000745800000, 0x0000000745800000|
|  89|0x0000000745900000, 0x0000000745900000, 0x0000000745a00000|  0%| F|  |TS  0|AC  0|TAMS 0x0000000745900000, 0x0000000745900000|
|  90|0x0000000745a00000, 0x0000000745a00000, 0x0000000745b00000|  0%| F|  |TS  0|AC  0|TAMS 0x0000000745a00000, 0x0000000745a00000|
|  91|0x0000000745b00000, 0x0000000745b00000, 0x0000000745c00000|  0%| F|  |TS  0|AC  0|TAMS 0x0000000745b00000, 0x0000000745b00000|
|  92|0x0000000745c00000, 0x0000000745c00000, 0x0000000745d00000|  0%| F|  |TS  0|AC  0|TAMS 0x0000000745c00000, 0x0000000745c00000|
|  93|0x0000000745d00000, 0x0000000745d00000, 0x0000000745e00000|  0%| F|  |TS  0|AC  0|TAMS 0x0000000745d00000, 0x0000000745d00000|
|  94|0x0000000745e00000, 0x0000000745e00000, 0x0000000745f00000|  0%| F|  |TS  0|AC  0|TAMS 0x0000000745e00000, 0x0000000745e00000|
|  95|0x0000000745f00000, 0x0000000745f00000, 0x0000000746000000|  0%| F|  |TS  0|AC  0|TAMS 0x0000000745f00000, 0x0000000745f00000|
|  96|0x0000000746000000, 0x0000000746000000, 0x0000000746100000|  0%| F|  |TS  0|AC  0|TAMS 0x0000000746000000, 0x0000000746000000|
|  97|0x0000000746100000, 0x0000000746100000, 0x0000000746200000|  0%| F|  |TS  0|AC  0|TAMS 0x0000000746100000, 0x0000000746100000|
|  98|0x0000000746200000, 0x0000000746200000, 0x0000000746300000|  0%| F|  |TS  0|AC  0|TAMS 0x0000000746200000, 0x0000000746200000|
|  99|0x0000000746300000, 0x0000000746300000, 0x0000000746400000|  0%| F|  |TS  0|AC  0|TAMS 0x0000000746300000, 0x0000000746300000|
| 100|0x0000000746400000, 0x0000000746400000, 0x0000000746500000|  0%| F|  |TS  0|AC  0|TAMS 0x0000000746400000, 0x0000000746400000|
| 101|0x0000000746500000, 0x0000000746500000, 0x0000000746600000|  0%| F|  |TS  0|AC  0|TAMS 0x0000000746500000, 0x0000000746500000|
| 102|0x0000000746600000, 0x0000000746600000, 0x0000000746700000|  0%| F|  |TS  0|AC  0|TAMS 0x0000000746600000, 0x0000000746600000|
| 103|0x0000000746700000, 0x0000000746700000, 0x0000000746800000|  0%| F|  |TS  0|AC  0|TAMS 0x0000000746700000, 0x0000000746700000|
| 104|0x0000000746800000, 0x0000000746800000, 0x0000000746900000|  0%| F|  |TS  0|AC  0|TAMS 0x0000000746800000, 0x0000000746800000|
| 105|0x0000000746900000, 0x0000000746900000, 0x0000000746a00000|  0%| F|  |TS  0|AC  0|TAMS 0x0000000746900000, 0x0000000746900000|
| 106|0x0000000746a00000, 0x0000000746a00000, 0x0000000746b00000|  0%| F|  |TS  0|AC  0|TAMS 0x0000000746a00000, 0x0000000746a00000|
| 107|0x0000000746b00000, 0x0000000746b00000, 0x0000000746c00000|  0%| F|  |TS  0|AC  0|TAMS 0x0000000746b00000, 0x0000000746b00000|
| 108|0x0000000746c00000, 0x0000000746c00000, 0x0000000746d00000|  0%| F|  |TS  0|AC  0|TAMS 0x0000000746c00000, 0x0000000746c00000|
| 109|0x0000000746d00000, 0x0000000746d00000, 0x0000000746e00000|  0%| F|  |TS  0|AC  0|TAMS 0x0000000746d00000, 0x0000000746d00000|
| 110|0x0000000746e00000, 0x0000000746e00000, 0x0000000746f00000|  0%| F|  |TS  0|AC  0|TAMS 0x0000000746e00000, 0x0000000746e00000|
| 111|0x0000000746f00000, 0x0000000746f00000, 0x0000000747000000|  0%| F|  |TS  0|AC  0|TAMS 0x0000000746f00000, 0x0000000746f00000|
| 112|0x0000000747000000, 0x0000000747000000, 0x0000000747100000|  0%| F|  |TS  0|AC  0|TAMS 0x0000000747000000, 0x0000000747000000|
| 113|0x0000000747100000, 0x0000000747100000, 0x0000000747200000|  0%| F|  |TS  0|AC  0|TAMS 0x0000000747100000, 0x0000000747100000|
| 114|0x0000000747200000, 0x0000000747200000, 0x0000000747300000|  0%| F|  |TS  0|AC  0|TAMS 0x0000000747200000, 0x0000000747200000|
| 115|0x0000000747300000, 0x0000000747300000, 0x0000000747400000|  0%| F|  |TS  0|AC  0|TAMS 0x0000000747300000, 0x0000000747300000|
| 116|0x0000000747400000, 0x0000000747400000, 0x0000000747500000|  0%| F|  |TS  0|AC  0|TAMS 0x0000000747400000, 0x0000000747400000|
| 117|0x0000000747500000, 0x0000000747500000, 0x0000000747600000|  0%| F|  |TS  0|AC  0|TAMS 0x0000000747500000, 0x0000000747500000|
| 118|0x0000000747600000, 0x0000000747600000, 0x0000000747700000|  0%| F|  |TS  0|AC  0|TAMS 0x0000000747600000, 0x0000000747600000|
| 119|0x0000000747700000, 0x0000000747700000, 0x0000000747800000|  0%| F|  |TS  0|AC  0|TAMS 0x0000000747700000, 0x0000000747700000|
| 120|0x0000000747800000, 0x0000000747800000, 0x0000000747900000|  0%| F|  |TS  0|AC  0|TAMS 0x0000000747800000, 0x0000000747800000|
| 121|0x0000000747900000, 0x0000000747900000, 0x0000000747a00000|  0%| F|  |TS  0|AC  0|TAMS 0x0000000747900000, 0x0000000747900000|
| 122|0x0000000747a00000, 0x0000000747a00000, 0x0000000747b00000|  0%| F|  |TS  0|AC  0|TAMS 0x0000000747a00000, 0x0000000747a00000|
| 123|0x0000000747b00000, 0x0000000747b00000, 0x0000000747c00000|  0%| F|  |TS  0|AC  0|TAMS 0x0000000747b00000, 0x0000000747b00000|
| 124|0x0000000747c00000, 0x0000000747c00000, 0x0000000747d00000|  0%| F|  |TS  0|AC  0|TAMS 0x0000000747c00000, 0x0000000747c00000|
| 125|0x0000000747d00000, 0x0000000747d00000, 0x0000000747e00000|  0%| F|  |TS  0|AC  0|TAMS 0x0000000747d00000, 0x0000000747d00000|
| 126|0x0000000747e00000, 0x0000000747f00000, 0x0000000747f00000|100%| E|  |TS  0|AC  0|TAMS 0x0000000747e00000, 0x0000000747e00000|
| 127|0x0000000747f00000, 0x0000000748000000, 0x0000000748000000|100%| E|CS|TS  0|AC  0|TAMS 0x0000000747f00000, 0x0000000747f00000|

Card table byte_map: [0x00000001122eb000,0x00000001126eb000] byte_map_base: 0x000000010e8eb000

Marking Bits (Prev, Next): (CMBitMap*) 0x00007fd72a03f870, (CMBitMap*) 0x00007fd72a03f8a8
 Prev Bits: [0x0000000112aeb000, 0x0000000114aeb000)
 Next Bits: [0x000000012e518000, 0x0000000130518000)

Polling page: 0x0000000110c88000

CodeHeap 'non-profiled nmethods': size=120032Kb used=49Kb max_used=49Kb free=119983Kb
 bounds [0x0000000126fe0000, 0x0000000127250000, 0x000000012e518000]
CodeHeap 'profiled nmethods': size=120032Kb used=245Kb max_used=245Kb free=119786Kb
 bounds [0x000000011faa8000, 0x000000011fd18000, 0x0000000126fe0000]
CodeHeap 'non-nmethods': size=5696Kb used=1188Kb max_used=1197Kb free=4507Kb
 bounds [0x000000011f518000, 0x000000011f788000, 0x000000011faa8000]
 total_blobs=600 nmethods=191 adapters=255
 compilation: enabled

Compilation events (10 events):
Event: 1.595 Thread 0x00007fd72b802800  187       1       java.util.zip.ZipFile$Source::access$200 (5 bytes)
Event: 1.595 Thread 0x00007fd72b802800 nmethod 187 0x0000000126feb410 code [0x0000000126feb5c0, 0x0000000126feb6b0]
Event: 1.595 Thread 0x00007fd72b802800  188       1       java.util.zip.ZipFile::access$300 (5 bytes)
Event: 1.595 Thread 0x00007fd72b802800 nmethod 188 0x0000000126feb790 code [0x0000000126feb940, 0x0000000126feba30]
Event: 1.595 Thread 0x00007fd72b802800  189       1       java.net.URL::getAuthority (5 bytes)
Event: 1.595 Thread 0x00007fd72b802800 nmethod 189 0x0000000126febb10 code [0x0000000126febcc0, 0x0000000126febdd0]
Event: 1.595 Thread 0x00007fd72b802800  190       1       java.net.URL::getQuery (5 bytes)
Event: 1.595 Thread 0x00007fd72b802800 nmethod 190 0x0000000126febe10 code [0x0000000126febfc0, 0x0000000126fec0d0]
Event: 1.596 Thread 0x00007fd72b802800  191       1       java.security.ProtectionDomain::getCodeSource (5 bytes)
Event: 1.596 Thread 0x00007fd72b802800 nmethod 191 0x0000000126fec110 code [0x0000000126fec2c0, 0x0000000126fec3d0]

GC Heap History (0 events):
No events

Deoptimization events (0 events):
No events

Classes redefined (0 events):
No events

Internal exceptions (0 events):
No events

Events (10 events):
Event: 1.594 loading class mpi/ShiftParms
Event: 1.594 loading class mpi/ShiftParms done
Event: 1.594 loading class mpi/GraphParms
Event: 1.594 loading class mpi/GraphParms done
Event: 1.595 loading class mpi/DistGraphNeighbors
Event: 1.595 loading class mpi/DistGraphNeighbors done
Event: 1.596 loading class mpi/Status
Event: 1.596 loading class mpi/Status done
Event: 1.598 loading class Message
Event: 1.598 loading class Message done


Dynamic libraries:
0x00007fff2abd2000 	/System/Library/Frameworks/Cocoa.framework/Versions/A/Cocoa
0x00007fff36f8f000 	/System/Library/Frameworks/Security.framework/Versions/A/Security
0x00007fff29841000 	/System/Library/Frameworks/ApplicationServices.framework/Versions/A/ApplicationServices
0x00007fff52aef000 	/usr/lib/libz.1.dylib
0x00007fff50b03000 	/usr/lib/libSystem.B.dylib
0x00007fff2b36c000 	/System/Library/Frameworks/CoreFoundation.framework/Versions/A/CoreFoundation
0x00007fff2d4a2000 	/System/Library/Frameworks/Foundation.framework/Versions/C/Foundation
0x00007fff52104000 	/usr/lib/libobjc.A.dylib
0x000000010ff47000 	/Library/Application Support/Cylance/Desktop/CyMemDef.dylib
0x00007fff28992000 	/System/Library/Frameworks/AppKit.framework/Versions/C/AppKit
0x00007fff2af4a000 	/System/Library/Frameworks/CoreData.framework/Versions/A/CoreData
0x00007fff4a544000 	/System/Library/PrivateFrameworks/RemoteViewServices.framework/Versions/A/RemoteViewServices
0x00007fff4eb99000 	/System/Library/PrivateFrameworks/UIFoundation.framework/Versions/A/UIFoundation
0x00007fff3f58e000 	/System/Library/PrivateFrameworks/DFRFoundation.framework/Versions/A/DFRFoundation
0x00007fff2f979000 	/System/Library/Frameworks/Metal.framework/Versions/A/Metal
0x00007fff3f72f000 	/System/Library/PrivateFrameworks/DesktopServicesPriv.framework/Versions/A/DesktopServicesPriv
0x00007fff51706000 	/usr/lib/libenergytrace.dylib
0x00007fff4ccbd000 	/System/Library/PrivateFrameworks/SkyLight.framework/Versions/A/SkyLight
0x00007fff2b80e000 	/System/Library/Frameworks/CoreGraphics.framework/Versions/A/CoreGraphics
0x00007fff50afe000 	/usr/lib/libScreenReader.dylib
0x00007fff27953000 	/System/Library/Frameworks/Accelerate.framework/Versions/A/Accelerate
0x00007fff2dc19000 	/System/Library/Frameworks/IOSurface.framework/Versions/A/IOSurface
0x00007fff29d8b000 	/System/Library/Frameworks/AudioToolbox.framework/Versions/A/AudioToolbox
0x00007fff2a018000 	/System/Library/Frameworks/AudioUnit.framework/Versions/A/AudioUnit
0x00007fff3f62a000 	/System/Library/PrivateFrameworks/DataDetectorsCore.framework/Versions/A/DataDetectorsCore
0x00007fff2a6d9000 	/System/Library/Frameworks/Carbon.framework/Versions/A/Frameworks/HIToolbox.framework/Versions/A/HIToolbox
0x00007fff51860000 	/usr/lib/libicucore.A.dylib
0x00007fff3650e000 	/System/Library/Frameworks/QuartzCore.framework/Versions/A/QuartzCore
0x00007fff2aabf000 	/System/Library/Frameworks/Carbon.framework/Versions/A/Frameworks/SpeechRecognition.framework/Versions/A/SpeechRecognition
0x00007fff50c5f000 	/usr/lib/libauto.dylib
0x00007fff529de000 	/usr/lib/libxml2.2.dylib
0x00007fff3f208000 	/System/Library/PrivateFrameworks/CoreUI.framework/Versions/A/CoreUI
0x00007fff2ae26000 	/System/Library/Frameworks/CoreAudio.framework/Versions/A/CoreAudio
0x00007fff2d2dc000 	/System/Library/Frameworks/DiskArbitration.framework/Versions/A/DiskArbitration
0x00007fff51ad4000 	/usr/lib/liblangid.dylib
0x00007fff46a8f000 	/System/Library/PrivateFrameworks/MultitouchSupport.framework/Versions/A/MultitouchSupport
0x00007fff2db7c000 	/System/Library/Frameworks/IOKit.framework/Versions/A/IOKit
0x00007fff5079b000 	/usr/lib/libDiagnosticMessagesClient.dylib
0x00007fff2c4cc000 	/System/Library/Frameworks/CoreServices.framework/Versions/A/CoreServices
0x00007fff48529000 	/System/Library/PrivateFrameworks/PerformanceAnalysis.framework/Versions/A/PerformanceAnalysis
0x00007fff356b8000 	/System/Library/Frameworks/OpenGL.framework/Versions/A/OpenGL
0x00007fff2abe0000 	/System/Library/Frameworks/ColorSync.framework/Versions/A/ColorSync
0x00007fff2be1d000 	/System/Library/Frameworks/CoreImage.framework/Versions/A/CoreImage
0x00007fff2ce4d000 	/System/Library/Frameworks/CoreText.framework/Versions/A/CoreText
0x00007fff2dc77000 	/System/Library/Frameworks/ImageIO.framework/Versions/A/ImageIO
0x00007fff3ba61000 	/System/Library/PrivateFrameworks/Backup.framework/Versions/A/Backup
0x00007fff50baf000 	/usr/lib/libarchive.2.dylib
0x00007fff2a32d000 	/System/Library/Frameworks/CFNetwork.framework/Versions/A/CFNetwork
0x00007fff3770b000 	/System/Library/Frameworks/SystemConfiguration.framework/Versions/A/SystemConfiguration
0x00007fff506c4000 	/usr/lib/libCRFSuite.dylib
0x00007fff50d37000 	/usr/lib/libc++.1.dylib
0x00007fff50d8e000 	/usr/lib/libc++abi.dylib
0x00007fff52b9f000 	/usr/lib/system/libcache.dylib
0x00007fff52ba4000 	/usr/lib/system/libcommonCrypto.dylib
0x00007fff52baf000 	/usr/lib/system/libcompiler_rt.dylib
0x00007fff52bb7000 	/usr/lib/system/libcopyfile.dylib
0x00007fff52bc0000 	/usr/lib/system/libcorecrypto.dylib
0x00007fff52ccd000 	/usr/lib/system/libdispatch.dylib
0x00007fff52d07000 	/usr/lib/system/libdyld.dylib
0x00007fff52d25000 	/usr/lib/system/libkeymgr.dylib
0x00007fff52d33000 	/usr/lib/system/liblaunch.dylib
0x00007fff52d34000 	/usr/lib/system/libmacho.dylib
0x00007fff52d39000 	/usr/lib/system/libquarantine.dylib
0x00007fff52d3c000 	/usr/lib/system/libremovefile.dylib
0x00007fff52d3e000 	/usr/lib/system/libsystem_asl.dylib
0x00007fff52d56000 	/usr/lib/system/libsystem_blocks.dylib
0x00007fff52d57000 	/usr/lib/system/libsystem_c.dylib
0x00007fff52de1000 	/usr/lib/system/libsystem_configuration.dylib
0x00007fff52de5000 	/usr/lib/system/libsystem_coreservices.dylib
0x00007fff52de9000 	/usr/lib/system/libsystem_darwin.dylib
0x00007fff52deb000 	/usr/lib/system/libsystem_dnssd.dylib
0x00007fff52df2000 	/usr/lib/system/libsystem_info.dylib
0x00007fff52e62000 	/usr/lib/system/libsystem_m.dylib
0x00007fff52eae000 	/usr/lib/system/libsystem_malloc.dylib
0x00007fff52ece000 	/usr/lib/system/libsystem_network.dylib
0x00007fff52f73000 	/usr/lib/system/libsystem_networkextension.dylib
0x00007fff52f7e000 	/usr/lib/system/libsystem_notify.dylib
0x00007fff52f9c000 	/usr/lib/system/libsystem_sandbox.dylib
0x00007fff52fa0000 	/usr/lib/system/libsystem_secinit.dylib
0x00007fff52e3c000 	/usr/lib/system/libsystem_kernel.dylib
0x00007fff52f88000 	/usr/lib/system/libsystem_platform.dylib
0x00007fff52f90000 	/usr/lib/system/libsystem_pthread.dylib
0x00007fff52fa2000 	/usr/lib/system/libsystem_symptoms.dylib
0x00007fff52faa000 	/usr/lib/system/libsystem_trace.dylib
0x00007fff52fbf000 	/usr/lib/system/libunwind.dylib
0x00007fff52fc5000 	/usr/lib/system/libxpc.dylib
0x00007fff505f1000 	/usr/lib/closure/libclosured.dylib
0x00007fff50d18000 	/usr/lib/libbsm.0.dylib
0x00007fff52d26000 	/usr/lib/system/libkxld.dylib
0x00007fff509d5000 	/usr/lib/libOpenScriptingUtil.dylib
0x00007fff51088000 	/usr/lib/libcoretls.dylib
0x00007fff510a1000 	/usr/lib/libcoretls_cfhelpers.dylib
0x00007fff52505000 	/usr/lib/libpam.2.dylib
0x00007fff5262b000 	/usr/lib/libsqlite3.dylib
0x00007fff529cd000 	/usr/lib/libxar.1.dylib
0x00007fff50d29000 	/usr/lib/libbz2.1.0.dylib
0x00007fff51ad6000 	/usr/lib/liblzma.5.dylib
0x00007fff51fb7000 	/usr/lib/libnetwork.dylib
0x00007fff50b98000 	/usr/lib/libapple_nghttp2.dylib
0x00007fff5250c000 	/usr/lib/libpcap.A.dylib
0x00007fff50c60000 	/usr/lib/libboringssl.dylib
0x00007fff5298f000 	/usr/lib/libusrtcp.dylib
0x00007fff50b97000 	/usr/lib/libapple_crypto.dylib
0x00007fff2c84f000 	/System/Library/Frameworks/CoreServices.framework/Versions/A/Frameworks/FSEvents.framework/Versions/A/FSEvents
0x00007fff2c542000 	/System/Library/Frameworks/CoreServices.framework/Versions/A/Frameworks/CarbonCore.framework/Versions/A/CarbonCore
0x00007fff2ca11000 	/System/Library/Frameworks/CoreServices.framework/Versions/A/Frameworks/Metadata.framework/Versions/A/Metadata
0x00007fff2cac1000 	/System/Library/Frameworks/CoreServices.framework/Versions/A/Frameworks/OSServices.framework/Versions/A/OSServices
0x00007fff2cb1f000 	/System/Library/Frameworks/CoreServices.framework/Versions/A/Frameworks/SearchKit.framework/Versions/A/SearchKit
0x00007fff2c4cd000 	/System/Library/Frameworks/CoreServices.framework/Versions/A/Frameworks/AE.framework/Versions/A/AE
0x00007fff2c858000 	/System/Library/Frameworks/CoreServices.framework/Versions/A/Frameworks/LaunchServices.framework/Versions/A/LaunchServices
0x00007fff2c81a000 	/System/Library/Frameworks/CoreServices.framework/Versions/A/Frameworks/DictionaryServices.framework/Versions/A/DictionaryServices
0x00007fff2cb8e000 	/System/Library/Frameworks/CoreServices.framework/Versions/A/Frameworks/SharedFileList.framework/Versions/A/SharedFileList
0x00007fff30b45000 	/System/Library/Frameworks/NetFS.framework/Versions/A/NetFS
0x00007fff46d1c000 	/System/Library/PrivateFrameworks/NetAuth.framework/Versions/A/NetAuth
0x00007fff5048b000 	/System/Library/PrivateFrameworks/login.framework/Versions/A/Frameworks/loginsupport.framework/Versions/A/loginsupport
0x00007fff4e81d000 	/System/Library/PrivateFrameworks/TCC.framework/Versions/A/TCC
0x00007fff51bb7000 	/usr/lib/libmecabra.dylib
0x00007fff29842000 	/System/Library/Frameworks/ApplicationServices.framework/Versions/A/Frameworks/ATS.framework/Versions/A/ATS
0x00007fff29bf0000 	/System/Library/Frameworks/ApplicationServices.framework/Versions/A/Frameworks/ColorSyncLegacy.framework/Versions/A/ColorSyncLegacy
0x00007fff29c94000 	/System/Library/Frameworks/ApplicationServices.framework/Versions/A/Frameworks/HIServices.framework/Versions/A/HIServices
0x00007fff29ce7000 	/System/Library/Frameworks/ApplicationServices.framework/Versions/A/Frameworks/LangAnalysis.framework/Versions/A/LangAnalysis
0x00007fff29cf6000 	/System/Library/Frameworks/ApplicationServices.framework/Versions/A/Frameworks/PrintCore.framework/Versions/A/PrintCore
0x00007fff29d43000 	/System/Library/Frameworks/ApplicationServices.framework/Versions/A/Frameworks/QD.framework/Versions/A/QD
0x00007fff29d7e000 	/System/Library/Frameworks/ApplicationServices.framework/Versions/A/Frameworks/SpeechSynthesis.framework/Versions/A/SpeechSynthesis
0x00007fff2b29f000 	/System/Library/Frameworks/CoreDisplay.framework/Versions/A/CoreDisplay
0x00007fff2796b000 	/System/Library/Frameworks/Accelerate.framework/Versions/A/Frameworks/vImage.framework/Versions/A/vImage
0x00007fff286a2000 	/System/Library/Frameworks/Accelerate.framework/Versions/A/Frameworks/vecLib.framework/Versions/A/vecLib
0x00007fff28444000 	/System/Library/Frameworks/Accelerate.framework/Versions/A/Frameworks/vecLib.framework/Versions/A/libvDSP.dylib
0x00007fff27fc5000 	/System/Library/Frameworks/Accelerate.framework/Versions/A/Frameworks/vecLib.framework/Versions/A/libBNNS.dylib
0x00007fff283cb000 	/System/Library/Frameworks/Accelerate.framework/Versions/A/Frameworks/vecLib.framework/Versions/A/libQuadrature.dylib
0x00007fff285f1000 	/System/Library/Frameworks/Accelerate.framework/Versions/A/Frameworks/vecLib.framework/Versions/A/libvMisc.dylib
0x00007fff27ff4000 	/System/Library/Frameworks/Accelerate.framework/Versions/A/Frameworks/vecLib.framework/Versions/A/libLAPACK.dylib
0x00007fff27e6a000 	/System/Library/Frameworks/Accelerate.framework/Versions/A/Frameworks/vecLib.framework/Versions/A/libBLAS.dylib
0x00007fff283b5000 	/System/Library/Frameworks/Accelerate.framework/Versions/A/Frameworks/vecLib.framework/Versions/A/libLinearAlgebra.dylib
0x00007fff283d1000 	/System/Library/Frameworks/Accelerate.framework/Versions/A/Frameworks/vecLib.framework/Versions/A/libSparse.dylib
0x00007fff28430000 	/System/Library/Frameworks/Accelerate.framework/Versions/A/Frameworks/vecLib.framework/Versions/A/libSparseBLAS.dylib
0x00007fff453c2000 	/System/Library/PrivateFrameworks/IOAccelerator.framework/Versions/A/IOAccelerator
0x00007fff453cd000 	/System/Library/PrivateFrameworks/IOPresentment.framework/Versions/A/IOPresentment
0x00007fff3f5a0000 	/System/Library/PrivateFrameworks/DSExternalDisplay.framework/Versions/A/DSExternalDisplay
0x00007fff34b3a000 	/System/Library/Frameworks/OpenGL.framework/Versions/A/Libraries/libCoreFSCache.dylib
0x00007fff2cf9c000 	/System/Library/Frameworks/CoreVideo.framework/Versions/A/CoreVideo
0x00007fff44a15000 	/System/Library/PrivateFrameworks/GraphVisualizer.framework/Versions/A/GraphVisualizer
0x00007fff2fb3c000 	/System/Library/Frameworks/MetalPerformanceShaders.framework/Versions/A/MetalPerformanceShaders
0x00007fff507d3000 	/usr/lib/libFosl_dynamic.dylib
0x00007fff405d3000 	/System/Library/PrivateFrameworks/FaceCore.framework/Versions/A/FaceCore
0x00007fff33942000 	/System/Library/Frameworks/OpenCL.framework/Versions/A/OpenCL
0x00007fff50dc5000 	/usr/lib/libcompression.dylib
0x00007fff29941000 	/System/Library/Frameworks/ApplicationServices.framework/Versions/A/Frameworks/ATS.framework/Versions/A/Resources/libFontParser.dylib
0x00007fff29a64000 	/System/Library/Frameworks/ApplicationServices.framework/Versions/A/Frameworks/ATS.framework/Versions/A/Resources/libFontRegistry.dylib
0x00007fff2dedc000 	/System/Library/Frameworks/ImageIO.framework/Versions/A/Resources/libJPEG.dylib
0x00007fff2e205000 	/System/Library/Frameworks/ImageIO.framework/Versions/A/Resources/libTIFF.dylib
0x00007fff2e1db000 	/System/Library/Frameworks/ImageIO.framework/Versions/A/Resources/libPng.dylib
0x00007fff2ddef000 	/System/Library/Frameworks/ImageIO.framework/Versions/A/Resources/libGIF.dylib
0x00007fff2ddf4000 	/System/Library/Frameworks/ImageIO.framework/Versions/A/Resources/libJP2.dylib
0x00007fff2e202000 	/System/Library/Frameworks/ImageIO.framework/Versions/A/Resources/libRadiance.dylib
0x00007fff3b1c2000 	/System/Library/PrivateFrameworks/AppleJPEG.framework/Versions/A/AppleJPEG
0x00007fff4680d000 	/System/Library/PrivateFrameworks/MetalTools.framework/Versions/A/MetalTools
0x00007fff2fa15000 	/System/Library/Frameworks/MetalPerformanceShaders.framework/Frameworks/MPSCore.framework/Versions/A/MPSCore
0x00007fff2fa2b000 	/System/Library/Frameworks/MetalPerformanceShaders.framework/Frameworks/MPSImage.framework/Versions/A/MPSImage
0x00007fff2fa97000 	/System/Library/Frameworks/MetalPerformanceShaders.framework/Frameworks/MPSMatrix.framework/Versions/A/MPSMatrix
0x00007fff2fabb000 	/System/Library/Frameworks/MetalPerformanceShaders.framework/Frameworks/MPSNeuralNetwork.framework/Versions/A/MPSNeuralNetwork
0x00007fff34d02000 	/System/Library/Frameworks/OpenGL.framework/Versions/A/Libraries/libGLU.dylib
0x00007fff34b44000 	/System/Library/Frameworks/OpenGL.framework/Versions/A/Libraries/libGFXShared.dylib
0x00007fff34b4d000 	/System/Library/Frameworks/OpenGL.framework/Versions/A/Libraries/libGL.dylib
0x00007fff34b59000 	/System/Library/Frameworks/OpenGL.framework/Versions/A/Libraries/libGLImage.dylib
0x00007fff34b37000 	/System/Library/Frameworks/OpenGL.framework/Versions/A/Libraries/libCVMSPluginSupport.dylib
0x00007fff34b3f000 	/System/Library/Frameworks/OpenGL.framework/Versions/A/Libraries/libCoreVMClient.dylib
0x00007fff51572000 	/usr/lib/libcups.2.dylib
0x00007fff2efe1000 	/System/Library/Frameworks/Kerberos.framework/Versions/A/Kerberos
0x00007fff2d8d7000 	/System/Library/Frameworks/GSS.framework/Versions/A/GSS
0x00007fff525bf000 	/usr/lib/libresolv.9.dylib
0x00007fff5176e000 	/usr/lib/libiconv.2.dylib
0x00007fff44a9c000 	/System/Library/PrivateFrameworks/Heimdal.framework/Versions/A/Heimdal
0x00007fff5173d000 	/usr/lib/libheimdal-asn1.dylib
0x00007fff339ad000 	/System/Library/Frameworks/OpenDirectory.framework/Versions/A/OpenDirectory
0x00007fff3d478000 	/System/Library/PrivateFrameworks/CommonAuth.framework/Versions/A/CommonAuth
0x00007fff33990000 	/System/Library/Frameworks/OpenDirectory.framework/Versions/A/Frameworks/CFOpenDirectory.framework/Versions/A/CFOpenDirectory
0x00007fff372a7000 	/System/Library/Frameworks/SecurityFoundation.framework/Versions/A/SecurityFoundation
0x00007fff3a3ae000 	/System/Library/PrivateFrameworks/APFS.framework/Versions/A/APFS
0x00007fff529c9000 	/usr/lib/libutil.dylib
0x00007fff3b245000 	/System/Library/PrivateFrameworks/AppleSauce.framework/Versions/A/AppleSauce
0x00007fff45ba4000 	/System/Library/PrivateFrameworks/LinguisticData.framework/Versions/A/LinguisticData
0x00007fff51af0000 	/usr/lib/libmarisa.dylib
0x00007fff45b5e000 	/System/Library/PrivateFrameworks/Lexicon.framework/Versions/A/Lexicon
0x00007fff506fe000 	/usr/lib/libChineseTokenizer.dylib
0x00007fff50db4000 	/usr/lib/libcmph.dylib
0x00007fff45a68000 	/System/Library/PrivateFrameworks/LanguageModeling.framework/Versions/A/LanguageModeling
0x00007fff3de8e000 	/System/Library/PrivateFrameworks/CoreEmoji.framework/Versions/A/CoreEmoji
0x00007fff37363000 	/System/Library/Frameworks/ServiceManagement.framework/Versions/A/ServiceManagement
0x00007fff3ba59000 	/System/Library/PrivateFrameworks/BackgroundTaskManagement.framework/Versions/A/BackgroundTaskManagement
0x00007fff52ac6000 	/usr/lib/libxslt.1.dylib
0x00007fff2a9e9000 	/System/Library/Frameworks/Carbon.framework/Versions/A/Frameworks/Ink.framework/Versions/A/Ink
0x00007fff4ea31000 	/System/Library/PrivateFrameworks/TextureIO.framework/Versions/A/TextureIO
0x00007fff50bda000 	/usr/lib/libate.dylib
0x00007fff3f502000 	/System/Library/PrivateFrameworks/CrashReporterSupport.framework/Versions/A/CrashReporterSupport
0x00007fff4be84000 	/System/Library/PrivateFrameworks/Sharing.framework/Versions/A/Sharing
0x00007fff457ae000 	/System/Library/PrivateFrameworks/IconServices.framework/Versions/A/IconServices
0x00007fff4a345000 	/System/Library/PrivateFrameworks/ProtocolBuffer.framework/Versions/A/ProtocolBuffer
0x00007fff3b04d000 	/System/Library/PrivateFrameworks/Apple80211.framework/Versions/A/Apple80211
0x00007fff2cfd7000 	/System/Library/Frameworks/CoreWLAN.framework/Versions/A/CoreWLAN
0x00007fff3f33d000 	/System/Library/PrivateFrameworks/CoreUtils.framework/Versions/A/CoreUtils
0x00007fff2da19000 	/System/Library/Frameworks/IOBluetooth.framework/Versions/A/IOBluetooth
0x00007fff3f49d000 	/System/Library/PrivateFrameworks/CoreWiFi.framework/Versions/A/CoreWiFi
0x00007fff2af20000 	/System/Library/Frameworks/CoreBluetooth.framework/Versions/A/CoreBluetooth
0x00007fff4bfbf000 	/System/Library/PrivateFrameworks/SignpostNotification.framework/Versions/A/SignpostNotification
0x00007fff3f6ee000 	/System/Library/PrivateFrameworks/DebugSymbols.framework/Versions/A/DebugSymbols
0x00007fff3f0f4000 	/System/Library/PrivateFrameworks/CoreSymbolication.framework/Versions/A/CoreSymbolication
0x00007fff4e2a7000 	/System/Library/PrivateFrameworks/Symbolication.framework/Versions/A/Symbolication
0x00007fff3b077000 	/System/Library/PrivateFrameworks/AppleFSCompression.framework/Versions/A/AppleFSCompression
0x00007fff4d708000 	/System/Library/PrivateFrameworks/SpeechRecognitionCore.framework/Versions/A/SpeechRecognitionCore
0x000000010ffa4000 	/Library/Java/JavaVirtualMachines/jdk-9.0.1.jdk/Contents/Home/lib/server/libjvm.dylib
0x00007fff528c0000 	/usr/lib/libstdc++.6.0.9.dylib
0x0000000110c46000 	/Library/Java/JavaVirtualMachines/jdk-9.0.1.jdk/Contents/Home/lib/libverify.dylib
0x0000000110c53000 	/Library/Java/JavaVirtualMachines/jdk-9.0.1.jdk/Contents/Home/lib/libjava.dylib
0x0000000110cd1000 	/Library/Java/JavaVirtualMachines/jdk-9.0.1.jdk/Contents/Home/lib/libzip.dylib
0x0000000110cd9000 	/Library/Java/JavaVirtualMachines/jdk-9.0.1.jdk/Contents/Home/lib/libjimage.dylib
0x0000000110de2000 	/Library/Java/JavaVirtualMachines/jdk-9.0.1.jdk/Contents/Home/lib/libnio.dylib
0x0000000114cd8000 	/Library/Java/JavaVirtualMachines/jdk-9.0.1.jdk/Contents/Home/lib/./libnet.dylib
0x0000000134af8000 	/usr/local/lib/libmpi_java.20.dylib
0x0000000134b18000 	/usr/local/lib/libmpi.20.dylib
0x0000000134c16000 	/usr/local/lib/libopen-rte.20.dylib
0x0000000134c8d000 	/usr/local/lib/libopen-pal.20.dylib
0x0000000110df2000 	/usr/local/lib/openmpi/mca_patcher_overwrite.so
0x0000000110dfc000 	/usr/local/lib/openmpi/mca_shmem_mmap.so
0x0000000110df5000 	/usr/local/lib/openmpi/mca_sec_basic.so
0x0000000114d11000 	/usr/local/lib/openmpi/mca_ess_pmi.so
0x0000000134d56000 	/usr/local/lib/openmpi/mca_pmix_pmix112.so
0x0000000110df8000 	/usr/local/lib/openmpi/mca_state_app.so
0x0000000114d17000 	/usr/local/lib/openmpi/mca_errmgr_default_app.so
0x0000000134dad000 	/usr/local/lib/openmpi/mca_oob_usock.so
0x0000000134dba000 	/usr/local/lib/openmpi/mca_oob_tcp.so
0x0000000134dcd000 	/usr/local/lib/openmpi/mca_rml_oob.so
0x0000000114d1e000 	/usr/local/lib/openmpi/mca_routed_radix.so
0x0000000114d1a000 	/usr/local/lib/openmpi/mca_grpcomm_direct.so
0x0000000134da8000 	/usr/local/lib/openmpi/mca_allocator_basic.so
0x0000000134dd2000 	/usr/local/lib/openmpi/mca_allocator_bucket.so
0x0000000134dd5000 	/usr/local/lib/openmpi/mca_rcache_vma.so
0x0000000134ddb000 	/usr/local/lib/openmpi/mca_mpool_sm.so
0x0000000134dde000 	/usr/local/lib/libmca_common_sm.20.dylib
0x0000000134de1000 	/usr/local/lib/openmpi/mca_mpool_grdma.so
0x0000000134de5000 	/usr/local/lib/openmpi/mca_bml_r2.so
0x0000000134dea000 	/usr/local/lib/openmpi/mca_btl_tcp.so
0x0000000134e7a000 	/usr/local/lib/openmpi/mca_btl_sm.so
0x0000000134e82000 	/usr/local/lib/openmpi/mca_btl_vader.so
0x0000000134e89000 	/usr/local/lib/openmpi/mca_btl_self.so
0x0000000135417000 	/usr/local/lib/openmpi/mca_pml_ob1.so
0x000000013542d000 	/usr/local/lib/openmpi/mca_vprotocol_pessimist.so
0x0000000135410000 	/usr/local/lib/openmpi/mca_coll_self.so
0x0000000135413000 	/usr/local/lib/openmpi/mca_coll_inter.so
0x0000000135434000 	/usr/local/lib/openmpi/mca_coll_sync.so
0x0000000135438000 	/usr/local/lib/openmpi/mca_coll_sm.so
0x000000013543f000 	/usr/local/lib/openmpi/mca_coll_basic.so
0x000000013544b000 	/usr/local/lib/openmpi/mca_coll_tuned.so
0x000000013545b000 	/usr/local/lib/openmpi/mca_coll_libnbc.so
0x0000000135471000 	/usr/local/lib/openmpi/mca_osc_sm.so
0x0000000135477000 	/usr/local/lib/openmpi/mca_osc_rdma.so
0x000000013548b000 	/usr/local/lib/openmpi/mca_osc_pt2pt.so

VM Arguments:
jvm_args: -Djava.library.path=/usr/local/lib 
java_command: HelloMpi
java_class_path (initial): /Users/meotm01/devel/teaching/cs320s18/hello_mpi/out/production/hello_mpi::/usr/local/lib/mpi.jar:/usr/local/lib/mpi.jar
Launcher Type: SUN_STANDARD

Logging:
Log output configuration:
#0: stdout all=warning uptime,level,tags
#1: stderr all=off uptime,level,tags

Environment Variables:
JAVA_HOME=/Library/Java/JavaVirtualMachines/jdk-9.0.1.jdk/Contents/Home
CLASSPATH=:/usr/local/lib/mpi.jar:/usr/local/lib/mpi.jar
PATH=/usr/local/bin:/usr/bin:/bin:/usr/sbin:/sbin:/Library/TeX/texbin:/opt/X11/bin:/opt/local/bin:/opt/local/sbin:/usr/local/opt/binutils/bin:~/devel/bin:~/devel/python/anaconda/bin:/Library/Java/JavaVirtualMachines/jdk-9.0.1.jdk/Contents/Home/bin:~/devel/dbs/mongodb/bin:~/devel/mongodb-bi/bin:/usr/local/mysql/bin:~/devel/redis/src:~/devel/homebrew/bin:/opt/local/bin:/opt/local/sbin:/usr/local/opt/binutils/bin:~/devel/bin:~/devel/python/anaconda/bin:/Library/Java/JavaVirtualMachines/jdk-9.0.1.jdk/Contents/Home/bin:~/devel/dbs/mongodb/bin:~/devel/mongodb-bi/bin:/usr/local/mysql/bin:~/devel/redis/src:~/devel/homebrew/bin
SHELL=/bin/bash
DISPLAY=/private/tmp/com.apple.launchd.FzpmaKTGDf/org.macosforge.xquartz:0

Signal Handlers:
SIGSEGV: [libjvm.dylib+0x73e2dc], sa_mask[0]=11111111011111110111111111111111, sa_flags=SA_ONSTACK|SA_RESTART|SA_SIGINFO
SIGBUS: [libjvm.dylib+0x73e2dc], sa_mask[0]=11111111011111110111111111111111, sa_flags=SA_RESTART|SA_SIGINFO
SIGFPE: [libjvm.dylib+0x73e2dc], sa_mask[0]=11111111011111110111111111111111, sa_flags=SA_RESTART|SA_SIGINFO
SIGPIPE: [libjvm.dylib+0x5f15ac], sa_mask[0]=11111111011111110111111111111111, sa_flags=SA_RESTART|SA_SIGINFO
SIGXFSZ: [libjvm.dylib+0x5f15ac], sa_mask[0]=11111111011111110111111111111111, sa_flags=SA_RESTART|SA_SIGINFO
SIGILL: [libjvm.dylib+0x73e2dc], sa_mask[0]=11111111011111110111111111111111, sa_flags=SA_RESTART|SA_SIGINFO
SIGUSR2: [libjvm.dylib+0x5f1e3c], sa_mask[0]=00000000000000000000000000000000, sa_flags=SA_RESTART|SA_SIGINFO
SIGHUP: [libjvm.dylib+0x5f0679], sa_mask[0]=11111111011111110111111111111111, sa_flags=SA_RESTART|SA_SIGINFO
SIGINT: [libjvm.dylib+0x5f0679], sa_mask[0]=11111111011111110111111111111111, sa_flags=SA_RESTART|SA_SIGINFO
SIGTERM: [libjvm.dylib+0x5f0679], sa_mask[0]=11111111011111110111111111111111, sa_flags=SA_RESTART|SA_SIGINFO
SIGQUIT: [libjvm.dylib+0x5f0679], sa_mask[0]=11111111011111110111111111111111, sa_flags=SA_RESTART|SA_SIGINFO


---------------  S Y S T E M  ---------------

OS:uname:Darwin 17.4.0 Darwin Kernel Version 17.4.0: Sun Dec 17 09:19:54 PST 2017; root:xnu-4570.41.2~1/RELEASE_X86_64 x86_64
rlimit: STACK 8192k, CORE 0k, NPROC 709, NOFILE 10240, AS infinity
load average:1.92 2.20 2.27

CPU:total 4 (initial active 4) (2 cores per cpu, 2 threads per core) family 6 model 69 stepping 1, cmov, cx8, fxsr, mmx, sse, sse2, sse3, ssse3, sse4.1, sse4.2, popcnt, avx, avx2, aes, clmul, erms, lzcnt, ht, tsc, tscinvbit, bmi1, bmi2, fma

Memory: 4k page, physical 8388608k(26636k free)

vm_info: Java HotSpot(TM) 64-Bit Server VM (9.0.1+11) for bsd-amd64 JRE (9.0.1+11), built on Sep 28 2017 03:49:57 by "mach5one" with gcc 4.2.1 Compatible Apple LLVM 6.1.0 (clang-602.0.49)

END.
